<?xml version="1.0" encoding="UTF-8"?>
<testng-results skipped="0" failed="0" ignored="0" total="1" passed="1">
  <reporter-output>
  </reporter-output>
  <suite name="Default Suite" duration-ms="4357" started-at="2017-08-12T12:29:40Z" finished-at="2017-08-12T12:29:44Z">
    <groups>
    </groups>
    <test name="test" duration-ms="4357" started-at="2017-08-12T12:29:40Z" finished-at="2017-08-12T12:29:44Z">
      <class name="api_testing2.ComplexResponse">
        <test-method status="PASS" signature="test1()[pri:0, instance:api_testing2.ComplexResponse@1554909b]" name="test1" duration-ms="4287" started-at="2017-08-12T15:29:40Z" finished-at="2017-08-12T15:29:44Z">
          <reporter-output>
          </reporter-output>
        </test-method> <!-- test1 -->
      </class> <!-- api_testing2.ComplexResponse -->
    </test> <!-- test -->
  </suite> <!-- Default Suite -->
</testng-results>
